execve("./hello-syscall", ["hello-syscall"], [/* 57 vars */]) = 0
brk(0)                                  = 0x760000
mmap(NULL, 4096, PROT_READ|PROT_WRITE, MAP_PRIVATE|MAP_ANONYMOUS, -1, 0) = 0x7f7de8fa8000
access("/etc/ld.so.preload", R_OK)      = -1 ENOENT (No such file or directory)
open("/etc/ld.so.cache", O_RDONLY|O_CLOEXEC) = 3
fstat(3, {st_mode=S_IFREG|0644, st_size=184159, ...}) = 0
mmap(NULL, 184159, PROT_READ, MAP_PRIVATE, 3, 0) = 0x7f7de8f7b000
close(3)                                = 0
open("/lib64/libc.so.6", O_RDONLY|O_CLOEXEC) = 3
read(3, "\177ELF\2\1\1\3\0\0\0\0\0\0\0\0\3\0>\0\1\0\0\0\360\7\2\0\0\0\0\0"..., 832) = 832
fstat(3, {st_mode=S_IFREG|0755, st_size=1983920, ...}) = 0
mmap(NULL, 3809024, PROT_READ|PROT_EXEC, MAP_PRIVATE|MAP_DENYWRITE, 3, 0) = 0x7f7de89e6000
mprotect(0x7f7de8b7e000, 2097152, PROT_NONE) = 0
mmap(0x7f7de8d7e000, 24576, PROT_READ|PROT_WRITE, MAP_PRIVATE|MAP_FIXED|MAP_DENYWRITE, 3, 0x198000) = 0x7f7de8d7e000
mmap(0x7f7de8d84000, 16128, PROT_READ|PROT_WRITE, MAP_PRIVATE|MAP_FIXED|MAP_ANONYMOUS, -1, 0) = 0x7f7de8d84000
close(3)                                = 0
mmap(NULL, 4096, PROT_READ|PROT_WRITE, MAP_PRIVATE|MAP_ANONYMOUS, -1, 0) = 0x7f7de8f7a000
mmap(NULL, 4096, PROT_READ|PROT_WRITE, MAP_PRIVATE|MAP_ANONYMOUS, -1, 0) = 0x7f7de8f79000
mmap(NULL, 4096, PROT_READ|PROT_WRITE, MAP_PRIVATE|MAP_ANONYMOUS, -1, 0) = 0x7f7de8f78000
arch_prctl(ARCH_SET_FS, 0x7f7de8f79700) = 0
mprotect(0x7f7de8d7e000, 16384, PROT_READ) = 0
mprotect(0x600000, 4096, PROT_READ)     = 0
mprotect(0x7f7de8fa9000, 4096, PROT_READ) = 0
munmap(0x7f7de8f7b000, 184159)          = 0
write(1, "Hello World without syscall\n", 28) = 28
write(1, "Hello World with syscall\n", 25) = 25
fstat(1, {st_mode=S_IFCHR|0620, st_rdev=makedev(136, 0), ...}) = 0
mmap(NULL, 4096, PROT_READ|PROT_WRITE, MAP_PRIVATE|MAP_ANONYMOUS, -1, 0) = 0x7f7de8fa7000
write(1, "Hello World with printf\n", 24) = 24
exit_group(24)                          = ?
+++ exited with 24 +++
