

-------------------------------------------------
CS240: Lab 2b. cs240   
Sun Jan 25 22:14:59 EST 2015
-------------------------------------------------
test_mystring test1                 : 0   of 3  
test_mystring test2                 : 0   of 3  
test_mystring test3                 : 0   of 3  
test_mystring test4                 : 0   of 3  
test_mystring test5                 : 0   of 3  
test_mystring test6                 : 0   of 3  
test_mystring test7                 : 0   of 3  
-------------------------------------------------
CS240: Lab 2b. cs240 Sun Jan 25 22:14:59 EST 2015  Total:  0 of 21



-------------------------------------------------
CS240: Lab 2b. cs240   
Sun Jan 25 22:15:33 EST 2015
-------------------------------------------------
test_mystring test1                 : 0   of 3  
test_mystring test2                 : 0   of 3  
test_mystring test3                 : 0   of 3  
test_mystring test4                 : 0   of 3  
test_mystring test5                 : 0   of 3  
test_mystring test6                 : 0   of 3  
test_mystring test7                 : 0   of 3  
-------------------------------------------------
CS240: Lab 2b. cs240 Sun Jan 25 22:15:33 EST 2015  Total:  0 of 21



-------------------------------------------------
CS240: Lab 2b. jvanauke   
Thu Jan 29 14:01:09 EST 2015
-------------------------------------------------
test_mystring test1                 : 0   of 3  
test_mystring test2                 : 0   of 3  
test_mystring test3                 : 0   of 3  
test_mystring test4                 : 0   of 3  
test_mystring test5                 : 0   of 3  
test_mystring test6                 : 0   of 3  
test_mystring test7                 : 0   of 3  
-------------------------------------------------
CS240: Lab 2b. jvanauke Thu Jan 29 14:01:09 EST 2015  Total:  0 of 21



-------------------------------------------------
CS240: Lab 2b. jvanauke   
Thu Jan 29 14:21:14 EST 2015
-------------------------------------------------
test_mystring test1                 : 3   of 3  
test_mystring test2                 : 3   of 3  
test_mystring test3                 : 0   of 3  
test_mystring test4                 : 0   of 3  
test_mystring test5                 : 0   of 3  
test_mystring test6                 : 0   of 3  
test_mystring test7                 : 0   of 3  
-------------------------------------------------
CS240: Lab 2b. jvanauke Thu Jan 29 14:21:14 EST 2015  Total:  6 of 21



-------------------------------------------------
CS240: Lab 2b. jvanauke   
Thu Jan 29 14:40:07 EST 2015
-------------------------------------------------
test_mystring test1                 : 3   of 3  
test_mystring test2                 : 3   of 3  
test_mystring test3                 : 3   of 3  
test_mystring test4                 : 0   of 3  
test_mystring test5                 : 0   of 3  
test_mystring test6                 : 0   of 3  
test_mystring test7                 : 0   of 3  
-------------------------------------------------
CS240: Lab 2b. jvanauke Thu Jan 29 14:40:07 EST 2015  Total:  9 of 21



-------------------------------------------------
CS240: Lab 2b. jvanauke   
Thu Jan 29 14:54:21 EST 2015
-------------------------------------------------
test_mystring test1                 : 3   of 3  
test_mystring test2                 : 3   of 3  
test_mystring test3                 : 3   of 3  
test_mystring test4                 : 0   of 3  
test_mystring test5                 : 0   of 3  
test_mystring test6                 : 0   of 3  
test_mystring test7                 : 0   of 3  
-------------------------------------------------
CS240: Lab 2b. jvanauke Thu Jan 29 14:54:21 EST 2015  Total:  9 of 21



-------------------------------------------------
CS240: Lab 2b. jvanauke   
Thu Jan 29 14:55:06 EST 2015
-------------------------------------------------
test_mystring test1                 : 3   of 3  
test_mystring test2                 : 3   of 3  
test_mystring test3                 : 3   of 3  
test_mystring test4                 : 3   of 3  
test_mystring test5                 : 0   of 3  
test_mystring test6                 : 0   of 3  
test_mystring test7                 : 0   of 3  
-------------------------------------------------
CS240: Lab 2b. jvanauke Thu Jan 29 14:55:06 EST 2015  Total:  12 of 21



-------------------------------------------------
CS240: Lab 2b. jvanauke   
Sun Feb  1 19:12:22 EST 2015
-------------------------------------------------
test_mystring test1                 : 3   of 3  
test_mystring test2                 : 3   of 3  
test_mystring test3                 : 3   of 3  
test_mystring test4                 : 3   of 3  
test_mystring test6                 : 0   of 3  
test_mystring test7                 : 0   of 3  
-------------------------------------------------
CS240: Lab 2b. jvanauke Sun Feb 1 19:12:22 EST 2015  Total:  12 of 21



-------------------------------------------------
CS240: Lab 2b. jvanauke   
Sun Feb  1 19:37:16 EST 2015
-------------------------------------------------
test_mystring test1                 : 3   of 3  
test_mystring test2                 : 3   of 3  
test_mystring test3                 : 3   of 3  
test_mystring test4                 : 3   of 3  
test_mystring test6                 : 0   of 3  
test_mystring test7                 : 0   of 3  
-------------------------------------------------
CS240: Lab 2b. jvanauke Sun Feb 1 19:37:16 EST 2015  Total:  12 of 21



-------------------------------------------------
CS240: Lab 2b. jvanauke   
Sun Feb  1 19:55:54 EST 2015
-------------------------------------------------
test_mystring test1                 : 3   of 3  
test_mystring test2                 : 3   of 3  
test_mystring test3                 : 3   of 3  
test_mystring test4                 : 3   of 3  
test_mystring test5                 : 0   of 3  
test_mystring test6                 : 0   of 3  
test_mystring test7                 : 0   of 3  
-------------------------------------------------
CS240: Lab 2b. jvanauke Sun Feb 1 19:55:54 EST 2015  Total:  12 of 21



-------------------------------------------------
CS240: Lab 2b. jvanauke   
Sun Feb  1 19:56:37 EST 2015
-------------------------------------------------
test_mystring test1                 : 3   of 3  
test_mystring test2                 : 3   of 3  
test_mystring test3                 : 3   of 3  
test_mystring test4                 : 3   of 3  
test_mystring test5                 : 0   of 3  
test_mystring test6                 : 0   of 3  
test_mystring test7                 : 0   of 3  
-------------------------------------------------
CS240: Lab 2b. jvanauke Sun Feb 1 19:56:37 EST 2015  Total:  12 of 21



-------------------------------------------------
CS240: Lab 2b. jvanauke   
Sun Feb  1 20:00:29 EST 2015
-------------------------------------------------
test_mystring test1                 : 3   of 3  
test_mystring test2                 : 3   of 3  
test_mystring test3                 : 3   of 3  
test_mystring test4                 : 3   of 3  
test_mystring test5                 : 0   of 3  
test_mystring test6                 : 0   of 3  
test_mystring test7                 : 0   of 3  
-------------------------------------------------
CS240: Lab 2b. jvanauke Sun Feb 1 20:00:29 EST 2015  Total:  12 of 21



-------------------------------------------------
CS240: Lab 2b. jvanauke   
Sun Feb  1 20:02:09 EST 2015
-------------------------------------------------
test_mystring test1                 : 3   of 3  
test_mystring test2                 : 3   of 3  
test_mystring test3                 : 3   of 3  
test_mystring test4                 : 3   of 3  
test_mystring test6                 : 0   of 3  
test_mystring test7                 : 0   of 3  
-------------------------------------------------
CS240: Lab 2b. jvanauke Sun Feb 1 20:02:09 EST 2015  Total:  12 of 21



-------------------------------------------------
CS240: Lab 2b. jvanauke   
Sun Feb  1 20:30:36 EST 2015
-------------------------------------------------
test_mystring test1                 : 3   of 3  
test_mystring test2                 : 3   of 3  
test_mystring test3                 : 3   of 3  
test_mystring test4                 : 3   of 3  
test_mystring test5                 : 3   of 3  
test_mystring test6                 : 0   of 3  
test_mystring test7                 : 0   of 3  
-------------------------------------------------
CS240: Lab 2b. jvanauke Sun Feb 1 20:30:36 EST 2015  Total:  15 of 21



-------------------------------------------------
CS240: Lab 2b. jvanauke   
Sun Feb  1 20:55:44 EST 2015
-------------------------------------------------
test_mystring test1                 : 3   of 3  
test_mystring test2                 : 3   of 3  
test_mystring test3                 : 3   of 3  
test_mystring test4                 : 3   of 3  
test_mystring test5                 : 3   of 3  
test_mystring test6                 : 3   of 3  
test_mystring test7                 : 0   of 3  
-------------------------------------------------
CS240: Lab 2b. jvanauke Sun Feb 1 20:55:44 EST 2015  Total:  18 of 21



-------------------------------------------------
CS240: Lab 2b. jvanauke   
Sun Feb  1 21:00:59 EST 2015
-------------------------------------------------
test_mystring test1                 : 3   of 3  
test_mystring test2                 : 3   of 3  
test_mystring test3                 : 3   of 3  
test_mystring test4                 : 3   of 3  
test_mystring test5                 : 3   of 3  
test_mystring test6                 : 3   of 3  
test_mystring test7                 : 3   of 3  
-------------------------------------------------
CS240: Lab 2b. jvanauke Sun Feb 1 21:00:59 EST 2015  Total:  21 of 21

